[26Jun2021 01:59:32.982] [Server thread/INFO] [net.minecraft.server.MinecraftServer/]: Stopping server
[26Jun2021 01:59:32.987] [Server thread/INFO] [net.minecraft.server.MinecraftServer/]: Saving players
[26Jun2021 01:59:32.987] [Server thread/INFO] [net.minecraft.server.MinecraftServer/]: Saving worlds
[26Jun2021 01:59:32.987] [Server thread/INFO] [net.minecraft.server.MinecraftServer/]: Saving chunks for level 'ServerLevel[zawarudo]'/minecraft:overworld
[26Jun2021 01:59:33.149] [Server thread/INFO] [net.minecraft.world.server.ChunkManager/]: ThreadedAnvilChunkStorage (zawarudo): All chunks are saved
[26Jun2021 01:59:33.150] [Server thread/INFO] [net.minecraft.server.MinecraftServer/]: Saving chunks for level 'ServerLevel[zawarudo]'/minecraft:the_nether
[26Jun2021 01:59:33.150] [Server thread/INFO] [net.minecraft.world.server.ChunkManager/]: ThreadedAnvilChunkStorage (DIM-1): All chunks are saved
[26Jun2021 01:59:33.150] [Server thread/INFO] [net.minecraft.server.MinecraftServer/]: Saving chunks for level 'ServerLevel[zawarudo]'/minecraft:the_end
[26Jun2021 01:59:33.151] [Server thread/INFO] [net.minecraft.world.server.ChunkManager/]: ThreadedAnvilChunkStorage (DIM1): All chunks are saved
[26Jun2021 01:59:33.151] [Server thread/INFO] [net.minecraft.server.MinecraftServer/]: Saving chunks for level 'ServerLevel[zawarudo]'/twilightforest:twilightforest
[26Jun2021 01:59:33.151] [Server thread/INFO] [net.minecraft.world.server.ChunkManager/]: ThreadedAnvilChunkStorage (twilightforest): All chunks are saved
[26Jun2021 01:59:33.152] [Server thread/INFO] [net.minecraft.server.MinecraftServer/]: Saving chunks for level 'ServerLevel[zawarudo]'/boss_tools:mercury
[26Jun2021 01:59:33.152] [Server thread/INFO] [net.minecraft.world.server.ChunkManager/]: ThreadedAnvilChunkStorage (mercury): All chunks are saved
[26Jun2021 01:59:33.152] [Server thread/INFO] [net.minecraft.server.MinecraftServer/]: Saving chunks for level 'ServerLevel[zawarudo]'/boss_tools:orbit_mars
[26Jun2021 01:59:33.152] [Server thread/INFO] [net.minecraft.world.server.ChunkManager/]: ThreadedAnvilChunkStorage (orbit_mars): All chunks are saved
[26Jun2021 01:59:33.152] [Server thread/INFO] [net.minecraft.server.MinecraftServer/]: Saving chunks for level 'ServerLevel[zawarudo]'/twilightforest:skylight_forest
[26Jun2021 01:59:33.153] [Server thread/INFO] [net.minecraft.world.server.ChunkManager/]: ThreadedAnvilChunkStorage (skylight_forest): All chunks are saved
[26Jun2021 01:59:33.153] [Server thread/INFO] [net.minecraft.server.MinecraftServer/]: Saving chunks for level 'ServerLevel[zawarudo]'/boss_tools:orbit_mercury
[26Jun2021 01:59:33.153] [Server thread/INFO] [net.minecraft.world.server.ChunkManager/]: ThreadedAnvilChunkStorage (orbit_mercury): All chunks are saved
[26Jun2021 01:59:33.153] [Server thread/INFO] [net.minecraft.server.MinecraftServer/]: Saving chunks for level 'ServerLevel[zawarudo]'/boss_tools:mars
[26Jun2021 01:59:33.154] [Server thread/INFO] [net.minecraft.world.server.ChunkManager/]: ThreadedAnvilChunkStorage (mars): All chunks are saved
[26Jun2021 01:59:33.154] [Server thread/INFO] [net.minecraft.server.MinecraftServer/]: Saving chunks for level 'ServerLevel[zawarudo]'/atum:atum
[26Jun2021 01:59:33.154] [Server thread/INFO] [net.minecraft.world.server.ChunkManager/]: ThreadedAnvilChunkStorage (atum): All chunks are saved
[26Jun2021 01:59:33.154] [Server thread/INFO] [net.minecraft.server.MinecraftServer/]: Saving chunks for level 'ServerLevel[zawarudo]'/boss_tools:orbit_moon
[26Jun2021 01:59:33.155] [Server thread/INFO] [net.minecraft.world.server.ChunkManager/]: ThreadedAnvilChunkStorage (orbit_moon): All chunks are saved
[26Jun2021 01:59:33.155] [Server thread/INFO] [net.minecraft.server.MinecraftServer/]: Saving chunks for level 'ServerLevel[zawarudo]'/boss_tools:moon
[26Jun2021 01:59:33.155] [Server thread/INFO] [net.minecraft.world.server.ChunkManager/]: ThreadedAnvilChunkStorage (moon): All chunks are saved
[26Jun2021 01:59:33.155] [Server thread/INFO] [net.minecraft.server.MinecraftServer/]: Saving chunks for level 'ServerLevel[zawarudo]'/boss_tools:orbit_overworld
[26Jun2021 01:59:33.156] [Server thread/INFO] [net.minecraft.world.server.ChunkManager/]: ThreadedAnvilChunkStorage (orbit_overworld): All chunks are saved
[26Jun2021 01:59:33.200] [Server thread/INFO] [net.minecraft.world.server.ChunkManager/]: ThreadedAnvilChunkStorage (zawarudo): All chunks are saved
[26Jun2021 01:59:33.233] [Server thread/INFO] [net.minecraft.world.server.ChunkManager/]: ThreadedAnvilChunkStorage (DIM-1): All chunks are saved
[26Jun2021 01:59:33.234] [Server thread/INFO] [net.minecraft.world.server.ChunkManager/]: ThreadedAnvilChunkStorage (DIM1): All chunks are saved
[26Jun2021 01:59:33.234] [Server thread/INFO] [net.minecraft.world.server.ChunkManager/]: ThreadedAnvilChunkStorage (twilightforest): All chunks are saved
[26Jun2021 01:59:33.235] [Server thread/INFO] [net.minecraft.world.server.ChunkManager/]: ThreadedAnvilChunkStorage (mercury): All chunks are saved
[26Jun2021 01:59:33.235] [Server thread/INFO] [net.minecraft.world.server.ChunkManager/]: ThreadedAnvilChunkStorage (orbit_mars): All chunks are saved
[26Jun2021 01:59:33.236] [Server thread/INFO] [net.minecraft.world.server.ChunkManager/]: ThreadedAnvilChunkStorage (skylight_forest): All chunks are saved
[26Jun2021 01:59:33.237] [Server thread/INFO] [net.minecraft.world.server.ChunkManager/]: ThreadedAnvilChunkStorage (orbit_mercury): All chunks are saved
[26Jun2021 01:59:33.237] [Server thread/INFO] [net.minecraft.world.server.ChunkManager/]: ThreadedAnvilChunkStorage (mars): All chunks are saved
[26Jun2021 01:59:33.238] [Server thread/INFO] [net.minecraft.world.server.ChunkManager/]: ThreadedAnvilChunkStorage (atum): All chunks are saved
[26Jun2021 01:59:33.238] [Server thread/INFO] [net.minecraft.world.server.ChunkManager/]: ThreadedAnvilChunkStorage (orbit_moon): All chunks are saved
[26Jun2021 01:59:33.239] [Server thread/INFO] [net.minecraft.world.server.ChunkManager/]: ThreadedAnvilChunkStorage (moon): All chunks are saved
[26Jun2021 01:59:33.239] [Server thread/INFO] [net.minecraft.world.server.ChunkManager/]: ThreadedAnvilChunkStorage (orbit_overworld): All chunks are saved
